Initialisation struct ASM success!
------------------------------------------------------------------------------------------------
  PUSH || command #  1 || cmd hash:     76495910 || argument: 35
------------------------------------------------------------------------------------------------
  POPR || command #  2 || cmd hash:     76314591 || registr: RAX
------------------------------------------------------------------------------------------------
  PUSH || command #  3 || cmd hash:     76495910 || argument: 46
------------------------------------------------------------------------------------------------
  POPR || command #  4 || cmd hash:     76314591 || registr: RBX
------------------------------------------------------------------------------------------------
  PUSH || command #  5 || cmd hash:     76495910 || argument: 900
------------------------------------------------------------------------------------------------
  POPR || command #  6 || cmd hash:     76314591 || registr: RCX
------------------------------------------------------------------------------------------------
  PUSH || command #  7 || cmd hash:     76495910 || argument: 30
------------------------------------------------------------------------------------------------
  POPR || command #  8 || cmd hash:     76314591 || registr: RCY
------------------------------------------------------------------------------------------------
    IN || command #  9 || cmd hash:        72571 || 
------------------------------------------------------------------------------------------------
  POPR || command # 10 || cmd hash:     76314591 || registr: RDX
------------------------------------------------------------------------------------------------
    IN || command # 11 || cmd hash:        72571 || 
------------------------------------------------------------------------------------------------
  POPR || command # 12 || cmd hash:     76314591 || registr: AX
------------------------------------------------------------------------------------------------
    IN || command # 13 || cmd hash:        72571 || 
------------------------------------------------------------------------------------------------
  POPR || command # 14 || cmd hash:     76314591 || registr: AY
------------------------------------------------------------------------------------------------
    IN || command # 15 || cmd hash:        72571 || 
------------------------------------------------------------------------------------------------
  POPR || command # 16 || cmd hash:     76314591 || registr: DX
------------------------------------------------------------------------------------------------
    IN || command # 17 || cmd hash:        72571 || 
------------------------------------------------------------------------------------------------
  POPR || command # 18 || cmd hash:     76314591 || registr: DY
------------------------------------------------------------------------------------------------
  PUSH || command # 19 || cmd hash:     76495910 || argument: 0
------------------------------------------------------------------------------------------------
  POPR || command # 20 || cmd hash:     76314591 || registr: BX
------------------------------------------------------------------------------------------------
  PUSH || command # 21 || cmd hash:     76495910 || argument: 0
------------------------------------------------------------------------------------------------
  POPR || command # 22 || cmd hash:     76314591 || registr: CX
------------------------------------------------------------------------------------------------
  PUSH || command # 23 || cmd hash:     76495910 || argument: 0
------------------------------------------------------------------------------------------------
  POPR || command # 24 || cmd hash:     76314591 || registr: CY
------------------------------------------------------------------------------------------------
  DUMP || command # 25 || cmd hash:     65408140 || 
------------------------------------------------------------------------------------------------
 PUSHR || command # 26 || cmd hash:   2371375752 || registr: RCX
------------------------------------------------------------------------------------------------
 PUSHR || command # 27 || cmd hash:   2371375752 || registr: BX
------------------------------------------------------------------------------------------------
    JB || command # 28 || cmd hash:        73160 || label[:Fill_ram]: NoLabel
------------------------------------------------------------------------------------------------
  DRAW || command # 29 || cmd hash:     65307452 || 
------------------------------------------------------------------------------------------------
   HLT || command # 30 || cmd hash:      2220592 || 
------------------------------------------------------------------------------------------------
 PUSHR || command # 31 || cmd hash:   2371375752 || registr: AX
------------------------------------------------------------------------------------------------
 PUSHR || command # 32 || cmd hash:   2371375752 || registr: CX
------------------------------------------------------------------------------------------------
   SUB || command # 33 || cmd hash:      2556384 || 
------------------------------------------------------------------------------------------------
  PUSH || command # 34 || cmd hash:     76495910 || argument: 1
------------------------------------------------------------------------------------------------
   ADD || command # 35 || cmd hash:      2003871 || 
------------------------------------------------------------------------------------------------
 PUSHR || command # 36 || cmd hash:   2371375752 || registr: AX
------------------------------------------------------------------------------------------------
 PUSHR || command # 37 || cmd hash:   2371375752 || registr: CX
------------------------------------------------------------------------------------------------
   SUB || command # 38 || cmd hash:      2556384 || 
------------------------------------------------------------------------------------------------
  PUSH || command # 39 || cmd hash:     76495910 || argument: 1
------------------------------------------------------------------------------------------------
   ADD || command # 40 || cmd hash:      2003871 || 
------------------------------------------------------------------------------------------------
   MUL || command # 41 || cmd hash:      2377948 || 
------------------------------------------------------------------------------------------------
   RET || command # 42 || cmd hash:      2511775 || 
------------------------------------------------------------------------------------------------
 PUSHR || command # 43 || cmd hash:   2371375752 || registr: AY
------------------------------------------------------------------------------------------------
 PUSHR || command # 44 || cmd hash:   2371375752 || registr: CY
------------------------------------------------------------------------------------------------
   SUB || command # 45 || cmd hash:      2556384 || 
------------------------------------------------------------------------------------------------
  PUSH || command # 46 || cmd hash:     76495910 || argument: 1
------------------------------------------------------------------------------------------------
   ADD || command # 47 || cmd hash:      2003871 || 
------------------------------------------------------------------------------------------------
 PUSHR || command # 48 || cmd hash:   2371375752 || registr: AY
------------------------------------------------------------------------------------------------
 PUSHR || command # 49 || cmd hash:   2371375752 || registr: CY
------------------------------------------------------------------------------------------------
   SUB || command # 50 || cmd hash:      2556384 || 
------------------------------------------------------------------------------------------------
  PUSH || command # 51 || cmd hash:     76495910 || argument: 1
------------------------------------------------------------------------------------------------
   ADD || command # 52 || cmd hash:      2003871 || 
------------------------------------------------------------------------------------------------
   MUL || command # 53 || cmd hash:      2377948 || 
------------------------------------------------------------------------------------------------
   RET || command # 54 || cmd hash:      2511775 || 
------------------------------------------------------------------------------------------------
 PUSHR || command # 55 || cmd hash:   2371375752 || registr: RDX
------------------------------------------------------------------------------------------------
 PUSHR || command # 56 || cmd hash:   2371375752 || registr: RDX
------------------------------------------------------------------------------------------------
   MUL || command # 57 || cmd hash:      2377948 || 
------------------------------------------------------------------------------------------------
 PUSHR || command # 58 || cmd hash:   2371375752 || registr: DX
------------------------------------------------------------------------------------------------
 PUSHR || command # 59 || cmd hash:   2371375752 || registr: DY
------------------------------------------------------------------------------------------------
   MUL || command # 60 || cmd hash:      2377948 || 
------------------------------------------------------------------------------------------------
   MUL || command # 61 || cmd hash:      2377948 || 
------------------------------------------------------------------------------------------------
  CALL || command # 62 || cmd hash:     63887714 || label[:(y-yo)^2]: 70
------------------------------------------------------------------------------------------------
 PUSHR || command # 63 || cmd hash:   2371375752 || registr: DY
------------------------------------------------------------------------------------------------
 PUSHR || command # 64 || cmd hash:   2371375752 || registr: DY
------------------------------------------------------------------------------------------------
   MUL || command # 65 || cmd hash:      2377948 || 
------------------------------------------------------------------------------------------------
   MUL || command # 66 || cmd hash:      2377948 || 
------------------------------------------------------------------------------------------------
  CALL || command # 67 || cmd hash:     63887714 || label[:(x-xo)^2]: 52
------------------------------------------------------------------------------------------------
 PUSHR || command # 68 || cmd hash:   2371375752 || registr: DX
------------------------------------------------------------------------------------------------
 PUSHR || command # 69 || cmd hash:   2371375752 || registr: DX
------------------------------------------------------------------------------------------------
   MUL || command # 70 || cmd hash:      2377948 || 
------------------------------------------------------------------------------------------------
   MUL || command # 71 || cmd hash:      2377948 || 
------------------------------------------------------------------------------------------------
   ADD || command # 72 || cmd hash:      2003871 || 
------------------------------------------------------------------------------------------------
   SUB || command # 73 || cmd hash:      2556384 || 
------------------------------------------------------------------------------------------------
   RET || command # 74 || cmd hash:      2511775 || 
------------------------------------------------------------------------------------------------
 PUSHR || command # 75 || cmd hash:   2371375752 || registr: BX
------------------------------------------------------------------------------------------------
 PUSHR || command # 76 || cmd hash:   2371375752 || registr: RCY
------------------------------------------------------------------------------------------------
   DIV || command # 77 || cmd hash:      2098607 || 
------------------------------------------------------------------------------------------------
  POPR || command # 78 || cmd hash:     76314591 || registr: CY
------------------------------------------------------------------------------------------------
 PUSHR || command # 79 || cmd hash:   2371375752 || registr: BX
------------------------------------------------------------------------------------------------
 PUSHR || command # 80 || cmd hash:   2371375752 || registr: CY
------------------------------------------------------------------------------------------------
 PUSHR || command # 81 || cmd hash:   2371375752 || registr: RCY
------------------------------------------------------------------------------------------------
   MUL || command # 82 || cmd hash:      2377948 || 
------------------------------------------------------------------------------------------------
   SUB || command # 83 || cmd hash:      2556384 || 
------------------------------------------------------------------------------------------------
  POPR || command # 84 || cmd hash:     76314591 || registr: CX
------------------------------------------------------------------------------------------------
   RET || command # 85 || cmd hash:      2511775 || 
------------------------------------------------------------------------------------------------
 PUSHR || command # 86 || cmd hash:   2371375752 || registr: BX
------------------------------------------------------------------------------------------------
  PUSH || command # 87 || cmd hash:     76495910 || argument: 1
------------------------------------------------------------------------------------------------
   ADD || command # 88 || cmd hash:      2003871 || 
------------------------------------------------------------------------------------------------
  POPR || command # 89 || cmd hash:     76314591 || registr: BX
------------------------------------------------------------------------------------------------
   RET || command # 90 || cmd hash:      2511775 || 
------------------------------------------------------------------------------------------------
  CALL || command # 91 || cmd hash:     63887714 || label[:Get_xy]: 118
------------------------------------------------------------------------------------------------
  CALL || command # 92 || cmd hash:     63887714 || label[:(R^2-r^2)]: 88
------------------------------------------------------------------------------------------------
  PUSH || command # 93 || cmd hash:     76495910 || argument: 0
------------------------------------------------------------------------------------------------
   JBE || command # 94 || cmd hash:      2270099 || label[:(R^2-r^2<0)]: NoLabel
------------------------------------------------------------------------------------------------
 PUSHR || command # 95 || cmd hash:   2371375752 || registr: RBX
------------------------------------------------------------------------------------------------
  POPM || command # 96 || cmd hash:     76314436 || ram_reg: BX
------------------------------------------------------------------------------------------------
  CALL || command # 97 || cmd hash:     63887714 || label[:Next_step]: 136
------------------------------------------------------------------------------------------------
   JMP || command # 98 || cmd hash:      2281011 || label[:cycle]: 44
------------------------------------------------------------------------------------------------
 PUSHR || command # 99 || cmd hash:   2371375752 || registr: RAX
------------------------------------------------------------------------------------------------
  POPM || command #100 || cmd hash:     76314436 || ram_reg: BX
------------------------------------------------------------------------------------------------
   JMP || command #101 || cmd hash:      2281011 || label[:fill_cycle]: 156

-------------------------------------------------------------------------------------------------------
info about assembling:
size = 166, ncommands = 101
init 9 labels
label[ 0]: cycle                || hash = 2949088218           || ip = 44
-------------------------------------------------------------------------------------------------------
label[ 1]: (x-xo)^2             || hash = 37460632178871       || ip = 52
-------------------------------------------------------------------------------------------------------
label[ 2]: (y-yo)^2             || hash = 37488173422133       || ip = 70
-------------------------------------------------------------------------------------------------------
label[ 3]: (R^2-r^2)            || hash = 1130153908850350     || ip = 88
-------------------------------------------------------------------------------------------------------
label[ 4]: Get_xy               || hash = 66014383254          || ip = 118
-------------------------------------------------------------------------------------------------------
label[ 5]: Next_step            || hash = 2151839816964744     || ip = 136
-------------------------------------------------------------------------------------------------------
label[ 6]: Fill_ram             || hash = 62690230675646       || ip = 144
-------------------------------------------------------------------------------------------------------
label[ 7]: fill_cycle           || hash = 86473416455217686    || ip = 156
-------------------------------------------------------------------------------------------------------
label[ 8]: (R^2-r^2<0)          || hash = 1086077906405799778  || ip = 160
-------------------------------------------------------------------------------------------------------


Second going
------------------------------------------------------------------------------------------------
  PUSH || command #  1 || cmd hash:     76495910 || argument: 35
------------------------------------------------------------------------------------------------
  POPR || command #  2 || cmd hash:     76314591 || registr: RAX
------------------------------------------------------------------------------------------------
  PUSH || command #  3 || cmd hash:     76495910 || argument: 46
------------------------------------------------------------------------------------------------
  POPR || command #  4 || cmd hash:     76314591 || registr: RBX
------------------------------------------------------------------------------------------------
  PUSH || command #  5 || cmd hash:     76495910 || argument: 900
------------------------------------------------------------------------------------------------
  POPR || command #  6 || cmd hash:     76314591 || registr: RCX
------------------------------------------------------------------------------------------------
  PUSH || command #  7 || cmd hash:     76495910 || argument: 30
------------------------------------------------------------------------------------------------
  POPR || command #  8 || cmd hash:     76314591 || registr: RCY
------------------------------------------------------------------------------------------------
    IN || command #  9 || cmd hash:        72571 || 
------------------------------------------------------------------------------------------------
  POPR || command # 10 || cmd hash:     76314591 || registr: RDX
------------------------------------------------------------------------------------------------
    IN || command # 11 || cmd hash:        72571 || 
------------------------------------------------------------------------------------------------
  POPR || command # 12 || cmd hash:     76314591 || registr: AX
------------------------------------------------------------------------------------------------
    IN || command # 13 || cmd hash:        72571 || 
------------------------------------------------------------------------------------------------
  POPR || command # 14 || cmd hash:     76314591 || registr: AY
------------------------------------------------------------------------------------------------
    IN || command # 15 || cmd hash:        72571 || 
------------------------------------------------------------------------------------------------
  POPR || command # 16 || cmd hash:     76314591 || registr: DX
------------------------------------------------------------------------------------------------
    IN || command # 17 || cmd hash:        72571 || 
------------------------------------------------------------------------------------------------
  POPR || command # 18 || cmd hash:     76314591 || registr: DY
------------------------------------------------------------------------------------------------
  PUSH || command # 19 || cmd hash:     76495910 || argument: 0
------------------------------------------------------------------------------------------------
  POPR || command # 20 || cmd hash:     76314591 || registr: BX
------------------------------------------------------------------------------------------------
  PUSH || command # 21 || cmd hash:     76495910 || argument: 0
------------------------------------------------------------------------------------------------
  POPR || command # 22 || cmd hash:     76314591 || registr: CX
------------------------------------------------------------------------------------------------
  PUSH || command # 23 || cmd hash:     76495910 || argument: 0
------------------------------------------------------------------------------------------------
  POPR || command # 24 || cmd hash:     76314591 || registr: CY
------------------------------------------------------------------------------------------------
  DUMP || command # 25 || cmd hash:     65408140 || 
------------------------------------------------------------------------------------------------
 PUSHR || command # 26 || cmd hash:   2371375752 || registr: RCX
------------------------------------------------------------------------------------------------
 PUSHR || command # 27 || cmd hash:   2371375752 || registr: BX
------------------------------------------------------------------------------------------------
    JB || command # 28 || cmd hash:        73160 || label[:Fill_ram]: 144
------------------------------------------------------------------------------------------------
  DRAW || command # 29 || cmd hash:     65307452 || 
------------------------------------------------------------------------------------------------
   HLT || command # 30 || cmd hash:      2220592 || 
------------------------------------------------------------------------------------------------
 PUSHR || command # 31 || cmd hash:   2371375752 || registr: AX
------------------------------------------------------------------------------------------------
 PUSHR || command # 32 || cmd hash:   2371375752 || registr: CX
------------------------------------------------------------------------------------------------
   SUB || command # 33 || cmd hash:      2556384 || 
------------------------------------------------------------------------------------------------
  PUSH || command # 34 || cmd hash:     76495910 || argument: 1
------------------------------------------------------------------------------------------------
   ADD || command # 35 || cmd hash:      2003871 || 
------------------------------------------------------------------------------------------------
 PUSHR || command # 36 || cmd hash:   2371375752 || registr: AX
------------------------------------------------------------------------------------------------
 PUSHR || command # 37 || cmd hash:   2371375752 || registr: CX
------------------------------------------------------------------------------------------------
   SUB || command # 38 || cmd hash:      2556384 || 
------------------------------------------------------------------------------------------------
  PUSH || command # 39 || cmd hash:     76495910 || argument: 1
------------------------------------------------------------------------------------------------
   ADD || command # 40 || cmd hash:      2003871 || 
------------------------------------------------------------------------------------------------
   MUL || command # 41 || cmd hash:      2377948 || 
------------------------------------------------------------------------------------------------
   RET || command # 42 || cmd hash:      2511775 || 
------------------------------------------------------------------------------------------------
 PUSHR || command # 43 || cmd hash:   2371375752 || registr: AY
------------------------------------------------------------------------------------------------
 PUSHR || command # 44 || cmd hash:   2371375752 || registr: CY
------------------------------------------------------------------------------------------------
   SUB || command # 45 || cmd hash:      2556384 || 
------------------------------------------------------------------------------------------------
  PUSH || command # 46 || cmd hash:     76495910 || argument: 1
------------------------------------------------------------------------------------------------
   ADD || command # 47 || cmd hash:      2003871 || 
------------------------------------------------------------------------------------------------
 PUSHR || command # 48 || cmd hash:   2371375752 || registr: AY
------------------------------------------------------------------------------------------------
 PUSHR || command # 49 || cmd hash:   2371375752 || registr: CY
------------------------------------------------------------------------------------------------
   SUB || command # 50 || cmd hash:      2556384 || 
------------------------------------------------------------------------------------------------
  PUSH || command # 51 || cmd hash:     76495910 || argument: 1
------------------------------------------------------------------------------------------------
   ADD || command # 52 || cmd hash:      2003871 || 
------------------------------------------------------------------------------------------------
   MUL || command # 53 || cmd hash:      2377948 || 
------------------------------------------------------------------------------------------------
   RET || command # 54 || cmd hash:      2511775 || 
------------------------------------------------------------------------------------------------
 PUSHR || command # 55 || cmd hash:   2371375752 || registr: RDX
------------------------------------------------------------------------------------------------
 PUSHR || command # 56 || cmd hash:   2371375752 || registr: RDX
------------------------------------------------------------------------------------------------
   MUL || command # 57 || cmd hash:      2377948 || 
------------------------------------------------------------------------------------------------
 PUSHR || command # 58 || cmd hash:   2371375752 || registr: DX
------------------------------------------------------------------------------------------------
 PUSHR || command # 59 || cmd hash:   2371375752 || registr: DY
------------------------------------------------------------------------------------------------
   MUL || command # 60 || cmd hash:      2377948 || 
------------------------------------------------------------------------------------------------
   MUL || command # 61 || cmd hash:      2377948 || 
------------------------------------------------------------------------------------------------
  CALL || command # 62 || cmd hash:     63887714 || label[:(y-yo)^2]: 70
------------------------------------------------------------------------------------------------
 PUSHR || command # 63 || cmd hash:   2371375752 || registr: DY
------------------------------------------------------------------------------------------------
 PUSHR || command # 64 || cmd hash:   2371375752 || registr: DY
------------------------------------------------------------------------------------------------
   MUL || command # 65 || cmd hash:      2377948 || 
------------------------------------------------------------------------------------------------
   MUL || command # 66 || cmd hash:      2377948 || 
------------------------------------------------------------------------------------------------
  CALL || command # 67 || cmd hash:     63887714 || label[:(x-xo)^2]: 52
------------------------------------------------------------------------------------------------
 PUSHR || command # 68 || cmd hash:   2371375752 || registr: DX
------------------------------------------------------------------------------------------------
 PUSHR || command # 69 || cmd hash:   2371375752 || registr: DX
------------------------------------------------------------------------------------------------
   MUL || command # 70 || cmd hash:      2377948 || 
------------------------------------------------------------------------------------------------
   MUL || command # 71 || cmd hash:      2377948 || 
------------------------------------------------------------------------------------------------
   ADD || command # 72 || cmd hash:      2003871 || 
------------------------------------------------------------------------------------------------
   SUB || command # 73 || cmd hash:      2556384 || 
------------------------------------------------------------------------------------------------
   RET || command # 74 || cmd hash:      2511775 || 
------------------------------------------------------------------------------------------------
 PUSHR || command # 75 || cmd hash:   2371375752 || registr: BX
------------------------------------------------------------------------------------------------
 PUSHR || command # 76 || cmd hash:   2371375752 || registr: RCY
------------------------------------------------------------------------------------------------
   DIV || command # 77 || cmd hash:      2098607 || 
------------------------------------------------------------------------------------------------
  POPR || command # 78 || cmd hash:     76314591 || registr: CY
------------------------------------------------------------------------------------------------
 PUSHR || command # 79 || cmd hash:   2371375752 || registr: BX
------------------------------------------------------------------------------------------------
 PUSHR || command # 80 || cmd hash:   2371375752 || registr: CY
------------------------------------------------------------------------------------------------
 PUSHR || command # 81 || cmd hash:   2371375752 || registr: RCY
------------------------------------------------------------------------------------------------
   MUL || command # 82 || cmd hash:      2377948 || 
------------------------------------------------------------------------------------------------
   SUB || command # 83 || cmd hash:      2556384 || 
------------------------------------------------------------------------------------------------
  POPR || command # 84 || cmd hash:     76314591 || registr: CX
------------------------------------------------------------------------------------------------
   RET || command # 85 || cmd hash:      2511775 || 
------------------------------------------------------------------------------------------------
 PUSHR || command # 86 || cmd hash:   2371375752 || registr: BX
------------------------------------------------------------------------------------------------
  PUSH || command # 87 || cmd hash:     76495910 || argument: 1
------------------------------------------------------------------------------------------------
   ADD || command # 88 || cmd hash:      2003871 || 
------------------------------------------------------------------------------------------------
  POPR || command # 89 || cmd hash:     76314591 || registr: BX
------------------------------------------------------------------------------------------------
   RET || command # 90 || cmd hash:      2511775 || 
------------------------------------------------------------------------------------------------
  CALL || command # 91 || cmd hash:     63887714 || label[:Get_xy]: 118
------------------------------------------------------------------------------------------------
  CALL || command # 92 || cmd hash:     63887714 || label[:(R^2-r^2)]: 88
------------------------------------------------------------------------------------------------
  PUSH || command # 93 || cmd hash:     76495910 || argument: 0
------------------------------------------------------------------------------------------------
   JBE || command # 94 || cmd hash:      2270099 || label[:(R^2-r^2<0)]: 160
------------------------------------------------------------------------------------------------
 PUSHR || command # 95 || cmd hash:   2371375752 || registr: RBX
------------------------------------------------------------------------------------------------
  POPM || command # 96 || cmd hash:     76314436 || ram_reg: BX
------------------------------------------------------------------------------------------------
  CALL || command # 97 || cmd hash:     63887714 || label[:Next_step]: 136
------------------------------------------------------------------------------------------------
   JMP || command # 98 || cmd hash:      2281011 || label[:cycle]: 44
------------------------------------------------------------------------------------------------
 PUSHR || command # 99 || cmd hash:   2371375752 || registr: RAX
------------------------------------------------------------------------------------------------
  POPM || command #100 || cmd hash:     76314436 || ram_reg: BX
------------------------------------------------------------------------------------------------
   JMP || command #101 || cmd hash:      2281011 || label[:fill_cycle]: 156

-------------------------------------------------------------------------------------------------------
info about assembling:
size = 166, ncommands = 101
init 9 labels
label[ 0]: cycle                || hash = 2949088218           || ip = 44
-------------------------------------------------------------------------------------------------------
label[ 1]: (x-xo)^2             || hash = 37460632178871       || ip = 52
-------------------------------------------------------------------------------------------------------
label[ 2]: (y-yo)^2             || hash = 37488173422133       || ip = 70
-------------------------------------------------------------------------------------------------------
label[ 3]: (R^2-r^2)            || hash = 1130153908850350     || ip = 88
-------------------------------------------------------------------------------------------------------
label[ 4]: Get_xy               || hash = 66014383254          || ip = 118
-------------------------------------------------------------------------------------------------------
label[ 5]: Next_step            || hash = 2151839816964744     || ip = 136
-------------------------------------------------------------------------------------------------------
label[ 6]: Fill_ram             || hash = 62690230675646       || ip = 144
-------------------------------------------------------------------------------------------------------
label[ 7]: fill_cycle           || hash = 86473416455217686    || ip = 156
-------------------------------------------------------------------------------------------------------
label[ 8]: (R^2-r^2<0)          || hash = 1086077906405799778  || ip = 160
-------------------------------------------------------------------------------------------------------
