Initialisation succses
line: 50 pushed value = -2
stack size = 1, capacity = 12

line: 50 pushed value = 2
stack size = 2, capacity = 12

line: 50 pushed value = 10
stack size = 3, capacity = 12

line: 74 popped value = 10
stack size = 2, capacity = 12

line: 75 popped value = 2
stack size = 1, capacity = 12

line: 76 pushed value = 20
stack size = 2, capacity = 12

line: 95 pushed value = 24
stack size = 3, capacity = 12

line: 50 pushed value = 15
stack size = 4, capacity = 12

line: 50 pushed value = 25
stack size = 5, capacity = 12

line: 119 pushed value = 0
stack size = 6, capacity = 12

line: 50 pushed value = 1
stack size = 7, capacity = 12

line: 124 popped value = 1
stack size = 6, capacity = 12

line: 67 popped value = 0
stack size = 5, capacity = 12

line: 68 popped value = 25
stack size = 4, capacity = 12

line: 69 pushed value = 25
stack size = 5, capacity = 12

line: 50 pushed value = 100
stack size = 6, capacity = 12

line: 81 popped value = 100
stack size = 5, capacity = 12

line: 82 popped value = 25
stack size = 4, capacity = 12

line: 83 pushed value = 0
stack size = 5, capacity = 12

line: 50 pushed value = 11
stack size = 6, capacity = 12

line: 50 pushed value = 101
stack size = 7, capacity = 12

line: 50 pushed value = 15
stack size = 8, capacity = 12

line: 55 popped value = 15
stack size = 7, capacity = 12


info about stack before death:
stack size = 7, capacity = 12
